# JRE version: OpenJDK Runtime Environment (21.0.5) (build 21.0.5+-13047016-b750.29)
# Java VM: OpenJDK 64-Bit Server VM (21.0.5+-13047016-b750.29, mixed mode, tiered, compressed oops, compressed class ptrs, g1 gc, windows-amd64)
GC Precious Log:
 CardTable entry size: 512
 Card Set container configuration: InlinePtr #cards 5 size 8 Array Of Cards #cards 12 size 40 Howl #buckets 4 coarsen threshold 1843 Howl Bitmap #cards 512 size 80 coarsen threshold 460 Card regions per heap region 1 cards per card region 2048
 CPUs: 8 total, 8 available
 Memory: 12102M
 Large Page Support: Disabled
 NUMA Support: Disabled
 Compressed Oops: Enabled (32-bit)
 Heap Region Size: 1M
 Heap Min Capacity: 8M
 Heap Initial Capacity: 190M
 Heap Max Capacity: 2G
 Pre-touch: Disabled
 Parallel Workers: 8
 Concurrent Workers: 2
 Concurrent Refinement Workers: 8
 Periodic GC: Disabled
Heap:
 garbage-first heap   total 230400K, used 178305K [0x0000000080000000, 0x0000000100000000)
  region size 1024K, 30 young (30720K), 7 survivors (7168K)
 Metaspace       used 118771K, committed 121088K, reserved 1179648K
  class space    used 15812K, committed 16960K, reserved 1048576K
GC Heap History (20 events):
Event: 13.457 GC heap before
{Heap before GC invocations=27 (full 0):
 garbage-first heap   total 148480K, used 132385K [0x0000000080000000, 0x0000000100000000)
  region size 1024K, 45 young (46080K), 4 survivors (4096K)
 Metaspace       used 79888K, committed 81728K, reserved 1179648K
  class space    used 10756K, committed 11648K, reserved 1048576K
}
Event: 13.462 GC heap after
{Heap after GC invocations=28 (full 0):
 garbage-first heap   total 178176K, used 92265K [0x0000000080000000, 0x0000000100000000)
  region size 1024K, 5 young (5120K), 5 survivors (5120K)
 Metaspace       used 79888K, committed 81728K, reserved 1179648K
  class space    used 10756K, committed 11648K, reserved 1048576K
}
Event: 14.093 GC heap before
{Heap before GC invocations=29 (full 0):
 garbage-first heap   total 178176K, used 154729K [0x0000000080000000, 0x0000000100000000)
  region size 1024K, 67 young (68608K), 5 survivors (5120K)
 Metaspace       used 83678K, committed 85504K, reserved 1179648K
  class space    used 11685K, committed 12544K, reserved 1048576K
}
Event: 14.097 GC heap after
{Heap after GC invocations=30 (full 0):
 garbage-first heap   total 178176K, used 94249K [0x0000000080000000, 0x0000000100000000)
  region size 1024K, 7 young (7168K), 7 survivors (7168K)
 Metaspace       used 83678K, committed 85504K, reserved 1179648K
  class space    used 11685K, committed 12544K, reserved 1048576K
}
Event: 15.129 GC heap before
{Heap before GC invocations=30 (full 0):
 garbage-first heap   total 178176K, used 171049K [0x0000000080000000, 0x0000000100000000)
  region size 1024K, 71 young (72704K), 7 survivors (7168K)
 Metaspace       used 93196K, committed 95104K, reserved 1179648K
  class space    used 12871K, committed 13824K, reserved 1048576K
}
Event: 15.135 GC heap after
{Heap after GC invocations=31 (full 0):
 garbage-first heap   total 183296K, used 95133K [0x0000000080000000, 0x0000000100000000)
  region size 1024K, 6 young (6144K), 6 survivors (6144K)
 Metaspace       used 93196K, committed 95104K, reserved 1179648K
  class space    used 12871K, committed 13824K, reserved 1048576K
}
Event: 15.149 GC heap before
{Heap before GC invocations=31 (full 0):
 garbage-first heap   total 183296K, used 95133K [0x0000000080000000, 0x0000000100000000)
  region size 1024K, 7 young (7168K), 6 survivors (6144K)
 Metaspace       used 93196K, committed 95104K, reserved 1179648K
  class space    used 12871K, committed 13824K, reserved 1048576K
}
Event: 15.153 GC heap after
{Heap after GC invocations=32 (full 0):
 garbage-first heap   total 183296K, used 95364K [0x0000000080000000, 0x0000000100000000)
  region size 1024K, 3 young (3072K), 3 survivors (3072K)
 Metaspace       used 93196K, committed 95104K, reserved 1179648K
  class space    used 12871K, committed 13824K, reserved 1048576K
}
Event: 15.884 GC heap before
{Heap before GC invocations=33 (full 0):
 garbage-first heap   total 183296K, used 182404K [0x0000000080000000, 0x0000000100000000)
  region size 1024K, 73 young (74752K), 3 survivors (3072K)
 Metaspace       used 96144K, committed 98176K, reserved 1179648K
  class space    used 13219K, committed 14208K, reserved 1048576K
}
Event: 15.909 GC heap after
{Heap after GC invocations=34 (full 0):
 garbage-first heap   total 202752K, used 113323K [0x0000000080000000, 0x0000000100000000)
  region size 1024K, 10 young (10240K), 10 survivors (10240K)
 Metaspace       used 96144K, committed 98176K, reserved 1179648K
  class space    used 13219K, committed 14208K, reserved 1048576K
}
Event: 16.416 GC heap before
{Heap before GC invocations=34 (full 0):
 garbage-first heap   total 202752K, used 186027K [0x0000000080000000, 0x0000000100000000)
  region size 1024K, 74 young (75776K), 10 survivors (10240K)
 Metaspace       used 98057K, committed 99968K, reserved 1179648K
  class space    used 13460K, committed 14400K, reserved 1048576K
}
Event: 16.434 GC heap after
{Heap after GC invocations=35 (full 0):
 garbage-first heap   total 212992K, used 126301K [0x0000000080000000, 0x0000000100000000)
  region size 1024K, 10 young (10240K), 10 survivors (10240K)
 Metaspace       used 98057K, committed 99968K, reserved 1179648K
  class space    used 13460K, committed 14400K, reserved 1048576K
}
Event: 16.699 GC heap before
{Heap before GC invocations=35 (full 0):
 garbage-first heap   total 212992K, used 142685K [0x0000000080000000, 0x0000000100000000)
  region size 1024K, 27 young (27648K), 10 survivors (10240K)
 Metaspace       used 100558K, committed 102464K, reserved 1179648K
  class space    used 13729K, committed 14656K, reserved 1048576K
}
Event: 16.706 GC heap after
{Heap after GC invocations=36 (full 0):
 garbage-first heap   total 212992K, used 129663K [0x0000000080000000, 0x0000000100000000)
  region size 1024K, 2 young (2048K), 2 survivors (2048K)
 Metaspace       used 100558K, committed 102464K, reserved 1179648K
  class space    used 13729K, committed 14656K, reserved 1048576K
}
Event: 17.423 GC heap before
{Heap before GC invocations=37 (full 0):
 garbage-first heap   total 230400K, used 204415K [0x0000000080000000, 0x0000000100000000)
  region size 1024K, 60 young (61440K), 2 survivors (2048K)
 Metaspace       used 105528K, committed 107456K, reserved 1179648K
  class space    used 14163K, committed 15104K, reserved 1048576K
}
Event: 17.426 GC heap after
{Heap after GC invocations=38 (full 0):
 garbage-first heap   total 230400K, used 149768K [0x0000000080000000, 0x0000000100000000)
  region size 1024K, 8 young (8192K), 8 survivors (8192K)
 Metaspace       used 105528K, committed 107456K, reserved 1179648K
  class space    used 14163K, committed 15104K, reserved 1048576K
}
Event: 18.024 GC heap before
{Heap before GC invocations=38 (full 0):
 garbage-first heap   total 230400K, used 207112K [0x0000000080000000, 0x0000000100000000)
  region size 1024K, 64 young (65536K), 8 survivors (8192K)
 Metaspace       used 112877K, committed 115200K, reserved 1179648K
  class space    used 15113K, committed 16256K, reserved 1048576K
}
Event: 18.033 GC heap after
{Heap after GC invocations=39 (full 0):
 garbage-first heap   total 230400K, used 152134K [0x0000000080000000, 0x0000000100000000)
  region size 1024K, 4 young (4096K), 4 survivors (4096K)
 Metaspace       used 112877K, committed 115200K, reserved 1179648K
  class space    used 15113K, committed 16256K, reserved 1048576K
}
Event: 18.532 GC heap before
{Heap before GC invocations=39 (full 0):
 garbage-first heap   total 230400K, used 195142K [0x0000000080000000, 0x0000000100000000)
  region size 1024K, 47 young (48128K), 4 survivors (4096K)
 Metaspace       used 118650K, committed 120960K, reserved 1179648K
  class space    used 15812K, committed 16960K, reserved 1048576K
}
Event: 18.537 GC heap after
{Heap after GC invocations=40 (full 0):
 garbage-first heap   total 230400K, used 154753K [0x0000000080000000, 0x0000000100000000)
  region size 1024K, 7 young (7168K), 7 survivors (7168K)
 Metaspace       used 118650K, committed 120960K, reserved 1179648K
  class space    used 15812K, committed 16960K, reserved 1048576K
}

