# JRE version: OpenJDK Runtime Environment (21.0.5) (build 21.0.5+-13047016-b750.29)
# Java VM: OpenJDK 64-Bit Server VM (21.0.5+-13047016-b750.29, mixed mode, tiered, compressed oops, compressed class ptrs, g1 gc, windows-amd64)
GC Precious Log:
 CardTable entry size: 512
 Card Set container configuration: InlinePtr #cards 5 size 8 Array Of Cards #cards 12 size 40 Howl #buckets 4 coarsen threshold 1843 Howl Bitmap #cards 512 size 80 coarsen threshold 460 Card regions per heap region 1 cards per card region 2048
 CPUs: 8 total, 8 available
 Memory: 12102M
 Large Page Support: Disabled
 NUMA Support: Disabled
 Compressed Oops: Enabled (32-bit)
 Heap Region Size: 1M
 Heap Min Capacity: 8M
 Heap Initial Capacity: 190M
 Heap Max Capacity: 2G
 Pre-touch: Disabled
 Parallel Workers: 8
 Concurrent Workers: 2
 Concurrent Refinement Workers: 8
 Periodic GC: Disabled
Heap:
 garbage-first heap   total 206848K, used 120358K [0x0000000080000000, 0x0000000100000000)
  region size 1024K, 8 young (8192K), 8 survivors (8192K)
 Metaspace       used 90447K, committed 92416K, reserved 1179648K
  class space    used 12127K, committed 13120K, reserved 1048576K
GC Heap History (20 events):
Event: 6.702 GC heap after
{Heap after GC invocations=22 (full 0):
 garbage-first heap   total 133120K, used 80258K [0x0000000080000000, 0x0000000100000000)
  region size 1024K, 5 young (5120K), 5 survivors (5120K)
 Metaspace       used 68776K, committed 70464K, reserved 1114112K
  class space    used 9345K, committed 10176K, reserved 1048576K
}
Event: 7.329 GC heap before
{Heap before GC invocations=22 (full 0):
 garbage-first heap   total 133120K, used 119170K [0x0000000080000000, 0x0000000100000000)
  region size 1024K, 43 young (44032K), 5 survivors (5120K)
 Metaspace       used 72221K, committed 74048K, reserved 1114112K
  class space    used 9870K, committed 10752K, reserved 1048576K
}
Event: 7.336 GC heap after
{Heap after GC invocations=23 (full 0):
 garbage-first heap   total 133120K, used 83352K [0x0000000080000000, 0x0000000100000000)
  region size 1024K, 6 young (6144K), 6 survivors (6144K)
 Metaspace       used 72221K, committed 74048K, reserved 1114112K
  class space    used 9870K, committed 10752K, reserved 1048576K
}
Event: 7.603 GC heap before
{Heap before GC invocations=23 (full 0):
 garbage-first heap   total 133120K, used 118168K [0x0000000080000000, 0x0000000100000000)
  region size 1024K, 41 young (41984K), 6 survivors (6144K)
 Metaspace       used 72707K, committed 74496K, reserved 1114112K
  class space    used 9890K, committed 10752K, reserved 1048576K
}
Event: 7.609 GC heap after
{Heap after GC invocations=24 (full 0):
 garbage-first heap   total 159744K, used 87699K [0x0000000080000000, 0x0000000100000000)
  region size 1024K, 5 young (5120K), 5 survivors (5120K)
 Metaspace       used 72707K, committed 74496K, reserved 1114112K
  class space    used 9890K, committed 10752K, reserved 1048576K
}
Event: 7.867 GC heap before
{Heap before GC invocations=25 (full 0):
 garbage-first heap   total 159744K, used 139923K [0x0000000080000000, 0x0000000100000000)
  region size 1024K, 57 young (58368K), 5 survivors (5120K)
 Metaspace       used 73009K, committed 74752K, reserved 1114112K
  class space    used 9891K, committed 10752K, reserved 1048576K
}
Event: 7.870 GC heap after
{Heap after GC invocations=26 (full 0):
 garbage-first heap   total 159744K, used 88614K [0x0000000080000000, 0x0000000100000000)
  region size 1024K, 6 young (6144K), 6 survivors (6144K)
 Metaspace       used 73009K, committed 74752K, reserved 1114112K
  class space    used 9891K, committed 10752K, reserved 1048576K
}
Event: 8.035 GC heap before
{Heap before GC invocations=26 (full 0):
 garbage-first heap   total 159744K, used 141862K [0x0000000080000000, 0x0000000100000000)
  region size 1024K, 59 young (60416K), 6 survivors (6144K)
 Metaspace       used 73048K, committed 74752K, reserved 1114112K
  class space    used 9891K, committed 10752K, reserved 1048576K
}
Event: 8.040 GC heap after
{Heap after GC invocations=27 (full 0):
 garbage-first heap   total 159744K, used 88885K [0x0000000080000000, 0x0000000100000000)
  region size 1024K, 5 young (5120K), 5 survivors (5120K)
 Metaspace       used 73048K, committed 74752K, reserved 1114112K
  class space    used 9891K, committed 10752K, reserved 1048576K
}
Event: 8.153 GC heap before
{Heap before GC invocations=27 (full 0):
 garbage-first heap   total 159744K, used 113461K [0x0000000080000000, 0x0000000100000000)
  region size 1024K, 30 young (30720K), 5 survivors (5120K)
 Metaspace       used 73182K, committed 74944K, reserved 1114112K
  class space    used 9910K, committed 10752K, reserved 1048576K
}
Event: 8.156 GC heap after
{Heap after GC invocations=28 (full 0):
 garbage-first heap   total 159744K, used 89878K [0x0000000080000000, 0x0000000100000000)
  region size 1024K, 5 young (5120K), 5 survivors (5120K)
 Metaspace       used 73182K, committed 74944K, reserved 1114112K
  class space    used 9910K, committed 10752K, reserved 1048576K
}
Event: 8.548 GC heap before
{Heap before GC invocations=29 (full 0):
 garbage-first heap   total 165888K, used 157462K [0x0000000080000000, 0x0000000100000000)
  region size 1024K, 58 young (59392K), 5 survivors (5120K)
 Metaspace       used 76751K, committed 78528K, reserved 1179648K
  class space    used 10350K, committed 11200K, reserved 1048576K
}
Event: 8.557 GC heap after
{Heap after GC invocations=30 (full 0):
 garbage-first heap   total 172032K, used 110800K [0x0000000080000000, 0x0000000100000000)
  region size 1024K, 8 young (8192K), 8 survivors (8192K)
 Metaspace       used 76751K, committed 78528K, reserved 1179648K
  class space    used 10350K, committed 11200K, reserved 1048576K
}
Event: 8.943 GC heap before
{Heap before GC invocations=30 (full 0):
 garbage-first heap   total 172032K, used 153808K [0x0000000080000000, 0x0000000100000000)
  region size 1024K, 50 young (51200K), 8 survivors (8192K)
 Metaspace       used 81389K, committed 83264K, reserved 1179648K
  class space    used 10962K, committed 11904K, reserved 1048576K
}
Event: 8.947 GC heap after
{Heap after GC invocations=31 (full 0):
 garbage-first heap   total 172032K, used 111649K [0x0000000080000000, 0x0000000100000000)
  region size 1024K, 2 young (2048K), 2 survivors (2048K)
 Metaspace       used 81389K, committed 83264K, reserved 1179648K
  class space    used 10962K, committed 11904K, reserved 1048576K
}
Event: 9.037 GC heap before
{Heap before GC invocations=31 (full 0):
 garbage-first heap   total 172032K, used 117793K [0x0000000080000000, 0x0000000100000000)
  region size 1024K, 9 young (9216K), 2 survivors (2048K)
 Metaspace       used 82747K, committed 84608K, reserved 1179648K
  class space    used 11114K, committed 12032K, reserved 1048576K
}
Event: 9.040 GC heap after
{Heap after GC invocations=32 (full 0):
 garbage-first heap   total 172032K, used 113104K [0x0000000080000000, 0x0000000100000000)
  region size 1024K, 4 young (4096K), 4 survivors (4096K)
 Metaspace       used 82747K, committed 84608K, reserved 1179648K
  class space    used 11114K, committed 12032K, reserved 1048576K
}
Event: 9.355 GC heap before
{Heap before GC invocations=33 (full 0):
 garbage-first heap   total 198656K, used 160208K [0x0000000080000000, 0x0000000100000000)
  region size 1024K, 45 young (46080K), 4 survivors (4096K)
 Metaspace       used 84957K, committed 86848K, reserved 1179648K
  class space    used 11422K, committed 12352K, reserved 1048576K
}
Event: 9.359 GC heap after
{Heap after GC invocations=34 (full 0):
 garbage-first heap   total 198656K, used 117653K [0x0000000080000000, 0x0000000100000000)
  region size 1024K, 6 young (6144K), 6 survivors (6144K)
 Metaspace       used 84957K, committed 86848K, reserved 1179648K
  class space    used 11422K, committed 12352K, reserved 1048576K
}
Event: 9.892 GC heap before
{Heap before GC invocations=34 (full 0):
 garbage-first heap   total 198656K, used 172949K [0x0000000080000000, 0x0000000100000000)
  region size 1024K, 61 young (62464K), 6 survivors (6144K)
 Metaspace       used 90447K, committed 92416K, reserved 1179648K
  class space    used 12127K, committed 13120K, reserved 1048576K
}

