# JRE version: OpenJDK Runtime Environment (21.0.5) (build 21.0.5+-13047016-b750.29)
# Java VM: OpenJDK 64-Bit Server VM (21.0.5+-13047016-b750.29, mixed mode, tiered, compressed oops, compressed class ptrs, g1 gc, windows-amd64)
GC Precious Log:
 CardTable entry size: 512
 Card Set container configuration: InlinePtr #cards 5 size 8 Array Of Cards #cards 12 size 40 Howl #buckets 4 coarsen threshold 1843 Howl Bitmap #cards 512 size 80 coarsen threshold 460 Card regions per heap region 1 cards per card region 2048
 CPUs: 8 total, 8 available
 Memory: 12102M
 Large Page Support: Disabled
 NUMA Support: Disabled
 Compressed Oops: Enabled (32-bit)
 Heap Region Size: 1M
 Heap Min Capacity: 8M
 Heap Initial Capacity: 190M
 Heap Max Capacity: 2G
 Pre-touch: Disabled
 Parallel Workers: 8
 Concurrent Workers: 2
 Concurrent Refinement Workers: 8
 Periodic GC: Disabled
Heap:
 garbage-first heap   total 224256K, used 200251K [0x0000000080000000, 0x0000000100000000)
  region size 1024K, 63 young (64512K), 8 survivors (8192K)
 Metaspace       used 109795K, committed 111936K, reserved 1179648K
  class space    used 15029K, committed 16064K, reserved 1048576K
GC Heap History (20 events):
Event: 7.784 GC heap after
{Heap after GC invocations=28 (full 0):
 garbage-first heap   total 158720K, used 89704K [0x0000000080000000, 0x0000000100000000)
  region size 1024K, 5 young (5120K), 5 survivors (5120K)
 Metaspace       used 73251K, committed 75072K, reserved 1114112K
  class space    used 9918K, committed 10816K, reserved 1048576K
}
Event: 8.456 GC heap before
{Heap before GC invocations=29 (full 0):
 garbage-first heap   total 163840K, used 158312K [0x0000000080000000, 0x0000000100000000)
  region size 1024K, 59 young (60416K), 5 survivors (5120K)
 Metaspace       used 76883K, committed 78720K, reserved 1179648K
  class space    used 10362K, committed 11264K, reserved 1048576K
}
Event: 8.462 GC heap after
{Heap after GC invocations=30 (full 0):
 garbage-first heap   total 173056K, used 110696K [0x0000000080000000, 0x0000000100000000)
  region size 1024K, 8 young (8192K), 8 survivors (8192K)
 Metaspace       used 76883K, committed 78720K, reserved 1179648K
  class space    used 10362K, committed 11264K, reserved 1048576K
}
Event: 8.924 GC heap before
{Heap before GC invocations=30 (full 0):
 garbage-first heap   total 173056K, used 154728K [0x0000000080000000, 0x0000000100000000)
  region size 1024K, 51 young (52224K), 8 survivors (8192K)
 Metaspace       used 81610K, committed 83520K, reserved 1179648K
  class space    used 10989K, committed 11904K, reserved 1048576K
}
Event: 8.930 GC heap after
{Heap after GC invocations=31 (full 0):
 garbage-first heap   total 173056K, used 111591K [0x0000000080000000, 0x0000000100000000)
  region size 1024K, 2 young (2048K), 2 survivors (2048K)
 Metaspace       used 81610K, committed 83520K, reserved 1179648K
  class space    used 10989K, committed 11904K, reserved 1048576K
}
Event: 9.025 GC heap before
{Heap before GC invocations=31 (full 0):
 garbage-first heap   total 173056K, used 115687K [0x0000000080000000, 0x0000000100000000)
  region size 1024K, 7 young (7168K), 2 survivors (2048K)
 Metaspace       used 82798K, committed 84800K, reserved 1179648K
  class space    used 11116K, committed 12096K, reserved 1048576K
}
Event: 9.028 GC heap after
{Heap after GC invocations=32 (full 0):
 garbage-first heap   total 173056K, used 112798K [0x0000000080000000, 0x0000000100000000)
  region size 1024K, 3 young (3072K), 3 survivors (3072K)
 Metaspace       used 82798K, committed 84800K, reserved 1179648K
  class space    used 11116K, committed 12096K, reserved 1048576K
}
Event: 9.477 GC heap before
{Heap before GC invocations=33 (full 0):
 garbage-first heap   total 196608K, used 156830K [0x0000000080000000, 0x0000000100000000)
  region size 1024K, 41 young (41984K), 3 survivors (3072K)
 Metaspace       used 84780K, committed 86720K, reserved 1179648K
  class space    used 11395K, committed 12352K, reserved 1048576K
}
Event: 9.482 GC heap after
{Heap after GC invocations=34 (full 0):
 garbage-first heap   total 196608K, used 117287K [0x0000000080000000, 0x0000000100000000)
  region size 1024K, 6 young (6144K), 6 survivors (6144K)
 Metaspace       used 84780K, committed 86720K, reserved 1179648K
  class space    used 11395K, committed 12352K, reserved 1048576K
}
Event: 10.238 GC heap before
{Heap before GC invocations=34 (full 0):
 garbage-first heap   total 196608K, used 167463K [0x0000000080000000, 0x0000000100000000)
  region size 1024K, 55 young (56320K), 6 survivors (6144K)
 Metaspace       used 89700K, committed 91648K, reserved 1179648K
  class space    used 12009K, committed 12992K, reserved 1048576K
}
Event: 10.246 GC heap after
{Heap after GC invocations=35 (full 0):
 garbage-first heap   total 196608K, used 119471K [0x0000000080000000, 0x0000000100000000)
  region size 1024K, 3 young (3072K), 3 survivors (3072K)
 Metaspace       used 89700K, committed 91648K, reserved 1179648K
  class space    used 12009K, committed 12992K, reserved 1048576K
}
Event: 11.192 GC heap before
{Heap before GC invocations=35 (full 0):
 garbage-first heap   total 196608K, used 167599K [0x0000000080000000, 0x0000000100000000)
  region size 1024K, 51 young (52224K), 3 survivors (3072K)
 Metaspace       used 93429K, committed 95488K, reserved 1179648K
  class space    used 12512K, committed 13568K, reserved 1048576K
}
Event: 11.196 GC heap after
{Heap after GC invocations=36 (full 0):
 garbage-first heap   total 196608K, used 120976K [0x0000000080000000, 0x0000000100000000)
  region size 1024K, 5 young (5120K), 5 survivors (5120K)
 Metaspace       used 93429K, committed 95488K, reserved 1179648K
  class space    used 12512K, committed 13568K, reserved 1048576K
}
Event: 11.787 GC heap before
{Heap before GC invocations=36 (full 0):
 garbage-first heap   total 196608K, used 176272K [0x0000000080000000, 0x0000000100000000)
  region size 1024K, 56 young (57344K), 5 survivors (5120K)
 Metaspace       used 95452K, committed 97536K, reserved 1179648K
  class space    used 12819K, committed 13888K, reserved 1048576K
}
Event: 11.793 GC heap after
{Heap after GC invocations=37 (full 0):
 garbage-first heap   total 196608K, used 129035K [0x0000000080000000, 0x0000000100000000)
  region size 1024K, 7 young (7168K), 7 survivors (7168K)
 Metaspace       used 95452K, committed 97536K, reserved 1179648K
  class space    used 12819K, committed 13888K, reserved 1048576K
}
Event: 12.257 GC heap before
{Heap before GC invocations=37 (full 0):
 garbage-first heap   total 196608K, used 177163K [0x0000000080000000, 0x0000000100000000)
  region size 1024K, 54 young (55296K), 7 survivors (7168K)
 Metaspace       used 103268K, committed 105344K, reserved 1179648K
  class space    used 13750K, committed 14784K, reserved 1048576K
}
Event: 12.263 GC heap after
{Heap after GC invocations=38 (full 0):
 garbage-first heap   total 196608K, used 130868K [0x0000000080000000, 0x0000000100000000)
  region size 1024K, 2 young (2048K), 2 survivors (2048K)
 Metaspace       used 103268K, committed 105344K, reserved 1179648K
  class space    used 13750K, committed 14784K, reserved 1048576K
}
Event: 12.786 GC heap before
{Heap before GC invocations=39 (full 0):
 garbage-first heap   total 219136K, used 196404K [0x0000000080000000, 0x0000000100000000)
  region size 1024K, 51 young (52224K), 2 survivors (2048K)
 Metaspace       used 109663K, committed 111808K, reserved 1179648K
  class space    used 15023K, committed 16064K, reserved 1048576K
}
Event: 12.792 GC heap after
{Heap after GC invocations=40 (full 0):
 garbage-first heap   total 219136K, used 142907K [0x0000000080000000, 0x0000000100000000)
  region size 1024K, 7 young (7168K), 7 survivors (7168K)
 Metaspace       used 109663K, committed 111808K, reserved 1179648K
  class space    used 15023K, committed 16064K, reserved 1048576K
}
Event: 13.049 GC heap before
{Heap before GC invocations=40 (full 0):
 garbage-first heap   total 219136K, used 200251K [0x0000000080000000, 0x0000000100000000)
  region size 1024K, 62 young (63488K), 7 survivors (7168K)
 Metaspace       used 109795K, committed 111936K, reserved 1179648K
  class space    used 15029K, committed 16064K, reserved 1048576K
}

