# JRE version: OpenJDK Runtime Environment (21.0.5) (build 21.0.5+-13047016-b750.29)
# Java VM: OpenJDK 64-Bit Server VM (21.0.5+-13047016-b750.29, mixed mode, tiered, compressed oops, compressed class ptrs, g1 gc, windows-amd64)
GC Precious Log:
 CardTable entry size: 512
 Card Set container configuration: InlinePtr #cards 5 size 8 Array Of Cards #cards 12 size 40 Howl #buckets 4 coarsen threshold 1843 Howl Bitmap #cards 512 size 80 coarsen threshold 460 Card regions per heap region 1 cards per card region 2048
 CPUs: 8 total, 8 available
 Memory: 12102M
 Large Page Support: Disabled
 NUMA Support: Disabled
 Compressed Oops: Enabled (32-bit)
 Heap Region Size: 1M
 Heap Min Capacity: 8M
 Heap Initial Capacity: 190M
 Heap Max Capacity: 2G
 Pre-touch: Disabled
 Parallel Workers: 8
 Concurrent Workers: 2
 Concurrent Refinement Workers: 8
 Periodic GC: Disabled
Heap:
 garbage-first heap   total 256000K, used 168252K [0x0000000080000000, 0x0000000100000000)
  region size 1024K, 12 young (12288K), 7 survivors (7168K)
 Metaspace       used 133675K, committed 136064K, reserved 1179648K
  class space    used 17216K, committed 18368K, reserved 1048576K
GC Heap History (20 events):
Event: 8.673 GC heap before
{Heap before GC invocations=31 (full 0):
 garbage-first heap   total 190464K, used 112162K [0x0000000080000000, 0x0000000100000000)
  region size 1024K, 18 young (18432K), 9 survivors (9216K)
 Metaspace       used 89467K, committed 91456K, reserved 1179648K
  class space    used 12371K, committed 13312K, reserved 1048576K
}
Event: 8.684 GC heap after
{Heap after GC invocations=32 (full 0):
 garbage-first heap   total 190464K, used 109870K [0x0000000080000000, 0x0000000100000000)
  region size 1024K, 6 young (6144K), 6 survivors (6144K)
 Metaspace       used 89467K, committed 91456K, reserved 1179648K
  class space    used 12371K, committed 13312K, reserved 1048576K
}
Event: 8.920 GC heap before
{Heap before GC invocations=33 (full 0):
 garbage-first heap   total 190464K, used 174382K [0x0000000080000000, 0x0000000100000000)
  region size 1024K, 60 young (61440K), 6 survivors (6144K)
 Metaspace       used 89483K, committed 91456K, reserved 1179648K
  class space    used 12372K, committed 13312K, reserved 1048576K
}
Event: 8.935 GC heap after
{Heap after GC invocations=34 (full 0):
 garbage-first heap   total 196608K, used 122512K [0x0000000080000000, 0x0000000100000000)
  region size 1024K, 8 young (8192K), 8 survivors (8192K)
 Metaspace       used 89483K, committed 91456K, reserved 1179648K
  class space    used 12372K, committed 13312K, reserved 1048576K
}
Event: 9.374 GC heap before
{Heap before GC invocations=34 (full 0):
 garbage-first heap   total 196608K, used 169616K [0x0000000080000000, 0x0000000100000000)
  region size 1024K, 53 young (54272K), 8 survivors (8192K)
 Metaspace       used 93313K, committed 95168K, reserved 1179648K
  class space    used 12833K, committed 13760K, reserved 1048576K
}
Event: 9.390 GC heap after
{Heap after GC invocations=35 (full 0):
 garbage-first heap   total 196608K, used 124513K [0x0000000080000000, 0x0000000100000000)
  region size 1024K, 7 young (7168K), 7 survivors (7168K)
 Metaspace       used 93313K, committed 95168K, reserved 1179648K
  class space    used 12833K, committed 13760K, reserved 1048576K
}
Event: 9.433 GC heap before
{Heap before GC invocations=35 (full 0):
 garbage-first heap   total 196608K, used 127585K [0x0000000080000000, 0x0000000100000000)
  region size 1024K, 11 young (11264K), 7 survivors (7168K)
 Metaspace       used 93708K, committed 95616K, reserved 1179648K
  class space    used 12881K, committed 13824K, reserved 1048576K
}
Event: 9.437 GC heap after
{Heap after GC invocations=36 (full 0):
 garbage-first heap   total 196608K, used 126412K [0x0000000080000000, 0x0000000100000000)
  region size 1024K, 1 young (1024K), 1 survivors (1024K)
 Metaspace       used 93708K, committed 95616K, reserved 1179648K
  class space    used 12881K, committed 13824K, reserved 1048576K
}
Event: 10.049 GC heap before
{Heap before GC invocations=37 (full 0):
 garbage-first heap   total 235520K, used 189900K [0x0000000080000000, 0x0000000100000000)
  region size 1024K, 48 young (49152K), 1 survivors (1024K)
 Metaspace       used 97190K, committed 99136K, reserved 1179648K
  class space    used 13214K, committed 14144K, reserved 1048576K
}
Event: 10.052 GC heap after
{Heap after GC invocations=38 (full 0):
 garbage-first heap   total 235520K, used 146265K [0x0000000080000000, 0x0000000100000000)
  region size 1024K, 6 young (6144K), 6 survivors (6144K)
 Metaspace       used 97190K, committed 99136K, reserved 1179648K
  class space    used 13214K, committed 14144K, reserved 1048576K
}
Event: 10.783 GC heap before
{Heap before GC invocations=38 (full 0):
 garbage-first heap   total 235520K, used 207705K [0x0000000080000000, 0x0000000100000000)
  region size 1024K, 66 young (67584K), 6 survivors (6144K)
 Metaspace       used 105232K, committed 107520K, reserved 1179648K
  class space    used 14143K, committed 15296K, reserved 1048576K
}
Event: 10.790 GC heap after
{Heap after GC invocations=39 (full 0):
 garbage-first heap   total 235520K, used 148726K [0x0000000080000000, 0x0000000100000000)
  region size 1024K, 4 young (4096K), 4 survivors (4096K)
 Metaspace       used 105232K, committed 107520K, reserved 1179648K
  class space    used 14143K, committed 15296K, reserved 1048576K
}
Event: 11.622 GC heap before
{Heap before GC invocations=39 (full 0):
 garbage-first heap   total 235520K, used 198902K [0x0000000080000000, 0x0000000100000000)
  region size 1024K, 54 young (55296K), 4 survivors (4096K)
 Metaspace       used 111907K, committed 114112K, reserved 1179648K
  class space    used 14971K, committed 16064K, reserved 1048576K
}
Event: 11.629 GC heap after
{Heap after GC invocations=40 (full 0):
 garbage-first heap   total 235520K, used 151629K [0x0000000080000000, 0x0000000100000000)
  region size 1024K, 7 young (7168K), 7 survivors (7168K)
 Metaspace       used 111907K, committed 114112K, reserved 1179648K
  class space    used 14971K, committed 16064K, reserved 1048576K
}
Event: 12.240 GC heap before
{Heap before GC invocations=41 (full 0):
 garbage-first heap   total 256000K, used 215117K [0x0000000080000000, 0x0000000100000000)
  region size 1024K, 68 young (69632K), 7 survivors (7168K)
 Metaspace       used 114703K, committed 116928K, reserved 1179648K
  class space    used 15280K, committed 16384K, reserved 1048576K
}
Event: 12.248 GC heap after
{Heap after GC invocations=42 (full 0):
 garbage-first heap   total 256000K, used 155025K [0x0000000080000000, 0x0000000100000000)
  region size 1024K, 7 young (7168K), 7 survivors (7168K)
 Metaspace       used 114703K, committed 116928K, reserved 1179648K
  class space    used 15280K, committed 16384K, reserved 1048576K
}
Event: 13.214 GC heap before
{Heap before GC invocations=42 (full 0):
 garbage-first heap   total 256000K, used 230801K [0x0000000080000000, 0x0000000100000000)
  region size 1024K, 81 young (82944K), 7 survivors (7168K)
 Metaspace       used 124540K, committed 126912K, reserved 1179648K
  class space    used 16391K, committed 17536K, reserved 1048576K
}
Event: 13.223 GC heap after
{Heap after GC invocations=43 (full 0):
 garbage-first heap   total 256000K, used 158202K [0x0000000080000000, 0x0000000100000000)
  region size 1024K, 9 young (9216K), 9 survivors (9216K)
 Metaspace       used 124540K, committed 126912K, reserved 1179648K
  class space    used 16391K, committed 17536K, reserved 1048576K
}
Event: 14.304 GC heap before
{Heap before GC invocations=43 (full 0):
 garbage-first heap   total 256000K, used 212474K [0x0000000080000000, 0x0000000100000000)
  region size 1024K, 64 young (65536K), 9 survivors (9216K)
 Metaspace       used 133580K, committed 135936K, reserved 1179648K
  class space    used 17205K, committed 18368K, reserved 1048576K
}
Event: 14.310 GC heap after
{Heap after GC invocations=44 (full 0):
 garbage-first heap   total 256000K, used 160060K [0x0000000080000000, 0x0000000100000000)
  region size 1024K, 7 young (7168K), 7 survivors (7168K)
 Metaspace       used 133580K, committed 135936K, reserved 1179648K
  class space    used 17205K, committed 18368K, reserved 1048576K
}

